platforms/android/build/outputs/logs/manifest-merger-debug-report.txt
-- Merging decision tree log ---
manifest
ADDED from platforms/android/AndroidManifest.xml:2:1-43:12
	package
		ADDED from platforms/android/AndroidManifest.xml:2:98-124
		INJECTED from platforms/android/AndroidManifest.xml
		INJECTED from platforms/android/AndroidManifest.xml
	android:versionName
		ADDED from platforms/android/AndroidManifest.xml:2:70-97
		INJECTED from platforms/android/AndroidManifest.xml
		INJECTED from platforms/android/AndroidManifest.xml
	android:hardwareAccelerated
		ADDED from platforms/android/AndroidManifest.xml:2:11-45
	android:versionCode
		ADDED from platforms/android/AndroidManifest.xml:2:46-69
		INJECTED from platforms/android/AndroidManifest.xml
		INJECTED from platforms/android/AndroidManifest.xml
	xmlns:android
		ADDED from platforms/android/AndroidManifest.xml:2:125-183
supports-screens
ADDED from platforms/android/AndroidManifest.xml:3:5-191
	android:largeScreens
		ADDED from platforms/android/AndroidManifest.xml:3:49-76
	android:smallScreens
		ADDED from platforms/android/AndroidManifest.xml:3:132-159
	android:normalScreens
		ADDED from platforms/android/AndroidManifest.xml:3:77-105
	android:xlargeScreens
		ADDED from platforms/android/AndroidManifest.xml:3:160-188
	android:resizeable
		ADDED from platforms/android/AndroidManifest.xml:3:106-131
	android:anyDensity
		ADDED from platforms/android/AndroidManifest.xml:3:23-48
uses-permission#android.permission.INTERNET
ADDED from platforms/android/AndroidManifest.xml:4:5-67
MERGED from [com.google.android.gms:play-services-gcm:11.0.4] AndroidManifest.xml:21:5-66
MERGED from [com.google.android.gms:play-services-iid:11.0.4] AndroidManifest.xml:21:5-66
	android:name
		ADDED from platforms/android/AndroidManifest.xml:4:22-64
application
ADDED from platforms/android/AndroidManifest.xml:5:5-33:19
MERGED from [com.android.support:support-v13:23.4.0] AndroidManifest.xml:22:5-20
MERGED from [com.google.android.gms:play-services-gcm:11.0.4] AndroidManifest.xml:23:5-19
MERGED from [com.google.android.gms:play-services-iid:11.0.4] AndroidManifest.xml:23:5-19
MERGED from [com.google.android.gms:play-services-base:11.0.4] AndroidManifest.xml:18:5-20:19
MERGED from [com.google.android.gms:play-services-tasks:11.0.4] AndroidManifest.xml:4:5-19
MERGED from [com.google.android.gms:play-services-basement:11.0.4] AndroidManifest.xml:19:5-21:19
MERGED from [com.android.support:support-v4:25.2.0] AndroidManifest.xml:25:5-20
MERGED from [com.android.support:support-fragment:25.2.0] AndroidManifest.xml:25:5-20
MERGED from [com.android.support:support-media-compat:25.2.0] AndroidManifest.xml:25:5-20
MERGED from [com.android.support:support-core-ui:25.2.0] AndroidManifest.xml:25:5-20
MERGED from [com.android.support:support-core-utils:25.2.0] AndroidManifest.xml:25:5-20
MERGED from [com.android.support:support-compat:25.2.0] AndroidManifest.xml:25:5-20
	android:label
		ADDED from platforms/android/AndroidManifest.xml:5:81-113
	android:supportsRtl
		ADDED from platforms/android/AndroidManifest.xml:5:114-140
	android:hardwareAccelerated
		ADDED from platforms/android/AndroidManifest.xml:5:18-52
	android:icon
		ADDED from platforms/android/AndroidManifest.xml:5:53-80
activity#com.yogacure.app.MainActivity
ADDED from platforms/android/AndroidManifest.xml:6:9-11:20
	android:label
		ADDED from platforms/android/AndroidManifest.xml:6:97-134
	android:launchMode
		ADDED from platforms/android/AndroidManifest.xml:6:135-165
	android:windowSoftInputMode
		ADDED from platforms/android/AndroidManifest.xml:6:257-299
	android:configChanges
		ADDED from platforms/android/AndroidManifest.xml:6:19-96
	android:theme
		ADDED from platforms/android/AndroidManifest.xml:6:194-256
	android:name
		ADDED from platforms/android/AndroidManifest.xml:6:166-193
intent-filter#android.intent.action.MAIN+android.intent.category.LAUNCHER
ADDED from platforms/android/AndroidManifest.xml:7:13-10:29
	android:label
		ADDED from platforms/android/AndroidManifest.xml:7:28-65
action#android.intent.action.MAIN
ADDED from platforms/android/AndroidManifest.xml:8:17-69
	android:name
		ADDED from platforms/android/AndroidManifest.xml:8:25-66
category#android.intent.category.LAUNCHER
ADDED from platforms/android/AndroidManifest.xml:9:17-77
	android:name
		ADDED from platforms/android/AndroidManifest.xml:9:27-74
activity#com.hutchind.cordova.plugins.streamingmedia.SimpleAudioStream
ADDED from platforms/android/AndroidManifest.xml:12:9-181
	android:label
		ADDED from platforms/android/AndroidManifest.xml:12:66-101
	android:configChanges
		ADDED from platforms/android/AndroidManifest.xml:12:19-65
	android:name
		ADDED from platforms/android/AndroidManifest.xml:12:102-178
activity#com.hutchind.cordova.plugins.streamingmedia.SimpleVideoStream
ADDED from platforms/android/AndroidManifest.xml:13:9-181
	android:label
		ADDED from platforms/android/AndroidManifest.xml:13:66-101
	android:configChanges
		ADDED from platforms/android/AndroidManifest.xml:13:19-65
	android:name
		ADDED from platforms/android/AndroidManifest.xml:13:102-178
activity#com.adobe.phonegap.push.PushHandlerActivity
ADDED from platforms/android/AndroidManifest.xml:14:9-173
	android:exported
		ADDED from platforms/android/AndroidManifest.xml:14:19-42
	android:permission
		ADDED from platforms/android/AndroidManifest.xml:14:102-170
		INJECTED from platforms/android/AndroidManifest.xml
	android:name
		ADDED from platforms/android/AndroidManifest.xml:14:43-101
receiver#com.adobe.phonegap.push.BackgroundActionButtonHandler
ADDED from platforms/android/AndroidManifest.xml:15:9-90
	android:name
		ADDED from platforms/android/AndroidManifest.xml:15:19-87
receiver#com.google.android.gms.gcm.GcmReceiver
ADDED from platforms/android/AndroidManifest.xml:16:9-21:20
	android:exported
		ADDED from platforms/android/AndroidManifest.xml:16:19-42
	android:permission
		ADDED from platforms/android/AndroidManifest.xml:16:97-157
	android:name
		ADDED from platforms/android/AndroidManifest.xml:16:43-96
intent-filter#${applicationId}+com.google.android.c2dm.intent.RECEIVE
ADDED from platforms/android/AndroidManifest.xml:17:13-20:29
action#com.google.android.c2dm.intent.RECEIVE
ADDED from platforms/android/AndroidManifest.xml:18:17-81
	android:name
		ADDED from platforms/android/AndroidManifest.xml:18:25-78
category#${applicationId}
ADDED from platforms/android/AndroidManifest.xml:19:17-61
	android:name
		ADDED from platforms/android/AndroidManifest.xml:19:27-58
		INJECTED from platforms/android/AndroidManifest.xml
service#com.adobe.phonegap.push.GCMIntentService
ADDED from platforms/android/AndroidManifest.xml:22:9-26:19
	android:exported
		ADDED from platforms/android/AndroidManifest.xml:22:18-42
	android:name
		ADDED from platforms/android/AndroidManifest.xml:22:43-98
intent-filter#com.google.android.c2dm.intent.RECEIVE
ADDED from platforms/android/AndroidManifest.xml:23:13-25:29
service#com.adobe.phonegap.push.PushInstanceIDListenerService
ADDED from platforms/android/AndroidManifest.xml:27:9-31:19
	android:exported
		ADDED from platforms/android/AndroidManifest.xml:27:18-42
	android:name
		ADDED from platforms/android/AndroidManifest.xml:27:43-111
intent-filter#com.google.android.gms.iid.InstanceID
ADDED from platforms/android/AndroidManifest.xml:28:13-30:29
action#com.google.android.gms.iid.InstanceID
ADDED from platforms/android/AndroidManifest.xml:29:17-80
	android:name
		ADDED from platforms/android/AndroidManifest.xml:29:25-77
service#com.adobe.phonegap.push.RegistrationIntentService
ADDED from platforms/android/AndroidManifest.xml:32:9-110
	android:exported
		ADDED from platforms/android/AndroidManifest.xml:32:18-42
	android:name
		ADDED from platforms/android/AndroidManifest.xml:32:43-107
uses-sdk
ADDED from platforms/android/AndroidManifest.xml:34:5-74
MERGED from [com.android.support:support-v13:23.4.0] AndroidManifest.xml:20:5-44
MERGED from [com.google.android.gms:play-services-gcm:11.0.4] AndroidManifest.xml:17:5-43
MERGED from [com.google.android.gms:play-services-iid:11.0.4] AndroidManifest.xml:17:5-43
MERGED from [com.google.android.gms:play-services-base:11.0.4] AndroidManifest.xml:17:5-43
MERGED from [com.google.android.gms:play-services-tasks:11.0.4] AndroidManifest.xml:3:5-43
MERGED from [com.google.android.gms:play-services-basement:11.0.4] AndroidManifest.xml:17:5-43
MERGED from [com.android.support:support-v4:25.2.0] AndroidManifest.xml:21:5-23:54
MERGED from [com.android.support:support-fragment:25.2.0] AndroidManifest.xml:21:5-23:60
MERGED from [com.android.support:support-media-compat:25.2.0] AndroidManifest.xml:21:5-23:63
MERGED from [com.android.support:support-core-ui:25.2.0] AndroidManifest.xml:21:5-23:58
MERGED from [com.android.support:support-core-utils:25.2.0] AndroidManifest.xml:21:5-23:61
MERGED from [com.android.support:support-compat:25.2.0] AndroidManifest.xml:21:5-23:58
MERGED from [me.leolin:ShortcutBadger:1.1.14] AndroidManifest.xml:7:5-9:41
MERGED from [org.apache.cordova:CordovaLib:6.2.3:debug] AndroidManifest.xml:25:5-44
	tools:overrideLibrary
		ADDED from [com.android.support:support-v4:25.2.0] AndroidManifest.xml:23:9-51
	android:targetSdkVersion
		ADDED from platforms/android/AndroidManifest.xml:34:42-71
	android:minSdkVersion
		ADDED from platforms/android/AndroidManifest.xml:34:15-41
uses-permission#android.permission.ACCESS_NETWORK_STATE
ADDED from platforms/android/AndroidManifest.xml:35:5-79
	android:name
		ADDED from platforms/android/AndroidManifest.xml:35:22-76
uses-permission#android.permission.WAKE_LOCK
ADDED from platforms/android/AndroidManifest.xml:36:5-68
	android:name
		ADDED from platforms/android/AndroidManifest.xml:36:22-65
uses-permission#android.permission.VIBRATE
ADDED from platforms/android/AndroidManifest.xml:37:5-66
	android:name
		ADDED from platforms/android/AndroidManifest.xml:37:22-63
uses-permission#com.google.android.c2dm.permission.RECEIVE
ADDED from platforms/android/AndroidManifest.xml:38:5-82
MERGED from [com.google.android.gms:play-services-gcm:11.0.4] AndroidManifest.xml:20:5-81
MERGED from [com.google.android.gms:play-services-iid:11.0.4] AndroidManifest.xml:20:5-81
	android:name
		ADDED from platforms/android/AndroidManifest.xml:38:22-79
uses-permission#${applicationId}.permission.C2D_MESSAGE
ADDED from platforms/android/AndroidManifest.xml:39:5-79
	android:name
		ADDED from platforms/android/AndroidManifest.xml:39:22-76
		INJECTED from platforms/android/AndroidManifest.xml
uses-permission#${applicationId}.permission.PushHandlerActivity
ADDED from platforms/android/AndroidManifest.xml:40:5-87
	android:name
		ADDED from platforms/android/AndroidManifest.xml:40:22-84
		INJECTED from platforms/android/AndroidManifest.xml
permission#${applicationId}.permission.C2D_MESSAGE
ADDED from platforms/android/AndroidManifest.xml:41:5-110
	android:protectionLevel
		ADDED from platforms/android/AndroidManifest.xml:41:72-107
	android:name
		ADDED from platforms/android/AndroidManifest.xml:41:17-71
		INJECTED from platforms/android/AndroidManifest.xml
permission#${applicationId}.permission.PushHandlerActivity
ADDED from platforms/android/AndroidManifest.xml:42:5-118
	android:protectionLevel
		ADDED from platforms/android/AndroidManifest.xml:42:80-115
	android:name
		ADDED from platforms/android/AndroidManifest.xml:42:17-79
		INJECTED from platforms/android/AndroidManifest.xml
activity#com.google.android.gms.common.api.GoogleApiActivity
ADDED from [com.google.android.gms:play-services-base:11.0.4] AndroidManifest.xml:19:9-172
	android:exported
		ADDED from [com.google.android.gms:play-services-base:11.0.4] AndroidManifest.xml:19:146-170
	android:theme
		ADDED from [com.google.android.gms:play-services-base:11.0.4] AndroidManifest.xml:19:86-145
	android:name
		ADDED from [com.google.android.gms:play-services-base:11.0.4] AndroidManifest.xml:19:19-85
meta-data#com.google.android.gms.version
ADDED from [com.google.android.gms:play-services-basement:11.0.4] AndroidManifest.xml:20:9-121
	android:value
		ADDED from [com.google.android.gms:play-services-basement:11.0.4] AndroidManifest.xml:20:66-119
	android:name
		ADDED from [com.google.android.gms:play-services-basement:11.0.4] AndroidManifest.xml:20:20-65
uses-permission#com.sec.android.provider.badge.permission.READ
ADDED from [me.leolin:ShortcutBadger:1.1.14] AndroidManifest.xml:19:5-86
	android:name
		ADDED from [me.leolin:ShortcutBadger:1.1.14] AndroidManifest.xml:19:22-83
uses-permission#com.sec.android.provider.badge.permission.WRITE
ADDED from [me.leolin:ShortcutBadger:1.1.14] AndroidManifest.xml:20:5-87
	android:name
		ADDED from [me.leolin:ShortcutBadger:1.1.14] AndroidManifest.xml:20:22-84
uses-permission#com.htc.launcher.permission.READ_SETTINGS
ADDED from [me.leolin:ShortcutBadger:1.1.14] AndroidManifest.xml:23:5-81
	android:name
		ADDED from [me.leolin:ShortcutBadger:1.1.14] AndroidManifest.xml:23:22-78
uses-permission#com.htc.launcher.permission.UPDATE_SHORTCUT
ADDED from [me.leolin:ShortcutBadger:1.1.14] AndroidManifest.xml:24:5-83
	android:name
		ADDED from [me.leolin:ShortcutBadger:1.1.14] AndroidManifest.xml:24:22-80
uses-permission#com.sonyericsson.home.permission.BROADCAST_BADGE
ADDED from [me.leolin:ShortcutBadger:1.1.14] AndroidManifest.xml:27:5-88
	android:name
		ADDED from [me.leolin:ShortcutBadger:1.1.14] AndroidManifest.xml:27:22-85
uses-permission#com.sonymobile.home.permission.PROVIDER_INSERT_BADGE
ADDED from [me.leolin:ShortcutBadger:1.1.14] AndroidManifest.xml:28:5-92
	android:name
		ADDED from [me.leolin:ShortcutBadger:1.1.14] AndroidManifest.xml:28:22-89
uses-permission#com.anddoes.launcher.permission.UPDATE_COUNT
ADDED from [me.leolin:ShortcutBadger:1.1.14] AndroidManifest.xml:31:5-84
	android:name
		ADDED from [me.leolin:ShortcutBadger:1.1.14] AndroidManifest.xml:31:22-81
uses-permission#com.majeur.launcher.permission.UPDATE_BADGE
ADDED from [me.leolin:ShortcutBadger:1.1.14] AndroidManifest.xml:34:5-83
	android:name
		ADDED from [me.leolin:ShortcutBadger:1.1.14] AndroidManifest.xml:34:22-80
uses-permission#com.huawei.android.launcher.permission.CHANGE_BADGE
ADDED from [me.leolin:ShortcutBadger:1.1.14] AndroidManifest.xml:37:5-91
	android:name
		ADDED from [me.leolin:ShortcutBadger:1.1.14] AndroidManifest.xml:37:22-88
uses-permission#com.huawei.android.launcher.permission.READ_SETTINGS
ADDED from [me.leolin:ShortcutBadger:1.1.14] AndroidManifest.xml:38:5-92
	android:name
		ADDED from [me.leolin:ShortcutBadger:1.1.14] AndroidManifest.xml:38:22-89
uses-permission#com.huawei.android.launcher.permission.WRITE_SETTINGS
ADDED from [me.leolin:ShortcutBadger:1.1.14] AndroidManifest.xml:39:5-93
	android:name
		ADDED from [me.leolin:ShortcutBadger:1.1.14] AndroidManifest.xml:39:22-90
uses-permission#android.permission.READ_APP_BADGE
ADDED from [me.leolin:ShortcutBadger:1.1.14] AndroidManifest.xml:42:5-73
	android:name
		ADDED from [me.leolin:ShortcutBadger:1.1.14] AndroidManifest.xml:42:22-70
uses-permission#com.oppo.launcher.permission.READ_SETTINGS
ADDED from [me.leolin:ShortcutBadger:1.1.14] AndroidManifest.xml:45:5-82
	android:name
		ADDED from [me.leolin:ShortcutBadger:1.1.14] AndroidManifest.xml:45:22-79
uses-permission#com.oppo.launcher.permission.WRITE_SETTINGS
ADDED from [me.leolin:ShortcutBadger:1.1.14] AndroidManifest.xml:46:5-83
	android:name
		ADDED from [me.leolin:ShortcutBadger:1.1.14] AndroidManifest.xml:46:22-80